Sender: LSF System <lsfadmin@lt13>
Subject: Job 13863579: <gcn_qm9> in cluster <lila> Exited

Job <gcn_qm9> was submitted from host <lilac-ln02> by user <wangy1> in cluster <lila> at Sun Feb 16 02:06:20 2020
Job was executed on host(s) <12*lt13>, in queue <gpuqueue>, as user <wangy1> in cluster <lila> at Sun Feb 16 02:06:21 2020
</home/wangy1> was used as the home directory.
</data/chodera/wangyq/hgfp_scripts/gcn_qm9> was used as the working directory.
Started at Sun Feb 16 02:06:21 2020
Terminated at Sun Feb 16 04:06:34 2020
Results reported at Sun Feb 16 04:06:34 2020

Your job looked like:

------------------------------------------------------------
# LSBATCH: User input
#BSUB -q gpuqueue
#BSUB -J gcn_qm9
#BSUB -m "ld-gpu ls-gpu lt-gpu lp-gpu lg-gpu lv-gpu lu-gpu"
#BSUB -q gpuqueue -n 12 -gpu "num=1:j_exclusive=yes"
#BSUB -R "rusage[mem=4] span[hosts=1]"
#BSUB -W 8:00
#BSUB -o %J.stdout
#BSUB -eo %J.stderr

python ../../hgfp/hgfp/app/supervised_train.py --model gcn --batch_size 32 --n_batches_te 418 --n_batches_vl 418 --config 128 'tanh' 128 'tanh' 128 'tanh' 1 --learning_rate 1e-3 --n_epochs 100

git add *
git commit -m "[automated commit] updated data"
git push https://yuanqing-wang:Ithinkthere4iam@github.com/choderalab/hgfp.git

------------------------------------------------------------

Exited with exit code 1.

Resource usage summary:

    CPU time :                                   26173.94 sec.
    Max Memory :                                 9 GB
    Average Memory :                             3.96 GB
    Total Requested Memory :                     48.00 GB
    Delta Memory :                               39.00 GB
    Max Swap :                                   -
    Max Processes :                              5
    Max Threads :                                54
    Run time :                                   7214 sec.
    Turnaround time :                            7214 sec.

The output (if any) follows:

# On branch master
# Changes not staged for commit:
#   (use "git add/rm <file>..." to update what will be committed)
#   (use "git checkout -- <file>..." to discard changes in working directory)
#
#	deleted:    13863105.stderr
#	deleted:    13863105.stdout
#	modified:   2020-02-16_02_08_56/R2.jpg
#	modified:   2020-02-16_02_08_56/RMSE.jpg
#	modified:   2020-02-16_02_08_56/loss.jpg
#	modified:   2020-02-16_02_08_56/report.md
#
# Untracked files:
#   (use "git add <file>..." to include in what will be committed)
#
#	../gcn_qc/2020-02-16_02_30_46/
#	../gcn_qc/2020-02-16_02_32_13/
#	../gcn_qc/2020-02-16_02_34_29/
#	../gcn_qc/2020-02-16_02_35_31/
#	../gcn_qc/2020-02-16_02_36_31/
#	../gcn_qc/2020-02-16_02_37_37/
#	../gcn_qc/2020-02-16_02_38_52/
#	2020-02-16_02_08_56/loss.npy
#	2020-02-16_02_08_56/model
#	2020-02-16_02_08_56/r2_tr.npy
#	2020-02-16_02_08_56/r2_vl.npy
#	2020-02-16_02_08_56/rmse_tr.npy
#	2020-02-16_02_08_56/rmse_vl.npy
#	2020-02-16_02_08_56/u_hat_te.npy
#	2020-02-16_02_08_56/u_hat_tr.npy
#	2020-02-16_02_08_56/u_hat_vl.npy
#	2020-02-16_02_08_56/u_te.npy
#	2020-02-16_02_08_56/u_tr.npy
#	2020-02-16_02_08_56/u_vl.npy
#	../gcn_with_combine_readout_qm9/2020-02-16_03_42_45/
no changes added to commit (use "git add" and/or "git commit -a")


PS:

Read file <13863579.stderr> for stderr output of this job.

