Sender: LSF System <lsfadmin@lt22>
Subject: Job 13863587: <gcn_qc> in cluster <lila> Exited

Job <gcn_qc> was submitted from host <lilac-ln02> by user <wangy1> in cluster <lila> at Sun Feb 16 02:24:33 2020
Job was executed on host(s) <12*lt22>, in queue <gpuqueue>, as user <wangy1> in cluster <lila> at Sun Feb 16 02:24:34 2020
</home/wangy1> was used as the home directory.
</data/chodera/wangyq/hgfp_scripts/gcn_qc> was used as the working directory.
Started at Sun Feb 16 02:24:34 2020
Terminated at Sun Feb 16 02:24:52 2020
Results reported at Sun Feb 16 02:24:52 2020

Your job looked like:

------------------------------------------------------------
# LSBATCH: User input
#BSUB -q gpuqueue
#BSUB -J gcn_qc
#BSUB -m "ld-gpu ls-gpu lt-gpu lp-gpu lg-gpu lv-gpu lu-gpu"
#BSUB -q gpuqueue -n 12 -gpu "num=1:j_exclusive=yes"
#BSUB -R "rusage[mem=4] span[hosts=1]"
#BSUB -W 8:00
#BSUB -o %J.stdout
#BSUB -eo %J.stderr

python ../../hgfp/hgfp/app/supervised_train.py --model gcn --batch_size 32 --n_batches_te 10 --n_batches_vl 10 --config 128 'tanh' 128 'tanh' 128 'tanh' 1 --learning_rate 1e-3 --n_epochs 100 --data qc_archive

git add *
git commit -m "[automated commit] updated data"
git push https://yuanqing-wang:Ithinkthere4iam@github.com/choderalab/hgfp.git

------------------------------------------------------------

Exited with exit code 1.

Resource usage summary:

    CPU time :                                   9.02 sec.
    Max Memory :                                 -
    Average Memory :                             -
    Total Requested Memory :                     48.00 GB
    Delta Memory :                               -
    Max Swap :                                   -
    Max Processes :                              4
    Max Threads :                                16
    Run time :                                   20 sec.
    Turnaround time :                            19 sec.

The output (if any) follows:

c1c[nh]c2c1c(ncn2)c3cnn(c3)[c@h](cc#n)c4cccc4-5
# On branch master
# Changes not staged for commit:
#   (use "git add/rm <file>..." to update what will be committed)
#   (use "git checkout -- <file>..." to discard changes in working directory)
#
#	deleted:    ../gcn_qm9/13863105.stderr
#	deleted:    ../gcn_qm9/13863105.stdout
#	modified:   ../gcn_qm9/gcn_qm9.sh
#	modified:   ../gcn_with_combine_readout_qm9/gcn_with_combine_readout_qm9.sh
#
# Untracked files:
#   (use "git add <file>..." to include in what will be committed)
#
#	../gcn_qm9/2020-02-16_02_08_56/
no changes added to commit (use "git add" and/or "git commit -a")


PS:

Read file <13863587.stderr> for stderr output of this job.

